<?xml version="1.0" encoding="UTF-8"?>
<!-- Generated by org.testng.reporters.JUnitXMLReporter -->
<testsuite hostname="DESKTOP-SCRIOB2" ignored="0" name="Default test" tests="5" failures="0" timestamp="06 Dec 2019 12:08:57 GMT" time="13.513" errors="0">
  <testcase name="CreateCustomerValidSecretKey" time="6.324" classname="TestCasesScript_Using_ConfigProperties.CreateCustomer_Config"/>
  <testcase name="CreateCustomerValidParameter" time="1.77" classname="TestCasesScript_Using_ConfigProperties.CreateCustomer_Config"/>
  <testcase name="CreateCustomerWithInvalidParameter" time="1.831" classname="TestCasesScript_Using_ConfigProperties.CreateCustomer_Config"/>
  <testcase name="CreateCustomerWithInvalidSecretKey" time="0.992" classname="TestCasesScript_Using_ConfigProperties.CreateCustomer_Config"/>
  <testcase name="CreateCustomerWithNoSecretKey" time="1.149" classname="TestCasesScript_Using_ConfigProperties.CreateCustomer_Config"/>
</testsuite> <!-- Default test -->
