<?xml version="1.0" encoding="UTF-8"?>
<!-- Generated by org.testng.reporters.JUnitXMLReporter -->
<testsuite hostname="DESKTOP-SCRIOB2" ignored="15" name="Test" tests="6" failures="0" timestamp="06 Dec 2019 12:16:57 GMT" time="17.345" errors="0">
  <testcase name="CreateCustomerValidSecretKey" time="4.431" classname="TestCasesScript_Using_ConfigProperties.CreateCustomer_Config"/>
  <testcase name="RetriveCustomerWithValidSecretKey" time="0.89" classname="TestCasesScript_Using_ConfigProperties.RetriveCustomer_Config"/>
  <testcase name="DeleteCustomerWithValidSecretKey" time="3.826" classname="TestCasesScript_Using_ConfigProperties.DeleteCustomer_Config"/>
  <testcase name="CreateCustomerValidSecretKey" time="3.371" classname="TestCasesScript_Using_HashMap.CreateCustomer_Map"/>
  <testcase name="RetriveCustomerWithValidSecretKey" time="0.973" classname="TestCasesScript_Using_HashMap.RetriveCustomer_Map"/>
  <testcase name="DeleteCustomerWithValidSecretKey" time="2.119" classname="TestCasesScript_Using_HashMap.DeleteCustomer_Map"/>
  <testcase name="@AfterSuite afterSuite" time="0.0" classname="SetUpPackage.TestSetup">
    <ignored/>
  </testcase> <!-- @AfterSuite afterSuite -->
  <testcase name="@AfterSuite afterSuite" time="0.0" classname="SetUpPackage.TestSetup">
    <ignored/>
  </testcase> <!-- @AfterSuite afterSuite -->
  <testcase name="@AfterSuite afterSuite" time="0.0" classname="SetUpPackage.TestSetup">
    <ignored/>
  </testcase> <!-- @AfterSuite afterSuite -->
  <testcase name="@AfterSuite afterSuite" time="0.0" classname="SetUpPackage.TestSetup">
    <ignored/>
  </testcase> <!-- @AfterSuite afterSuite -->
  <testcase name="@AfterSuite afterSuite" time="0.0" classname="SetUpPackage.TestSetup">
    <ignored/>
  </testcase> <!-- @AfterSuite afterSuite -->
  <testcase name="@BeforeSuite beforeSuite" time="0.0" classname="SetUpPackage.TestSetup">
    <ignored/>
  </testcase> <!-- @BeforeSuite beforeSuite -->
  <testcase name="@BeforeSuite beforeSuite" time="0.0" classname="SetUpPackage.TestSetup">
    <ignored/>
  </testcase> <!-- @BeforeSuite beforeSuite -->
  <testcase name="@BeforeSuite beforeSuite" time="0.0" classname="SetUpPackage.TestSetup">
    <ignored/>
  </testcase> <!-- @BeforeSuite beforeSuite -->
  <testcase name="@BeforeSuite beforeSuite" time="0.0" classname="SetUpPackage.TestSetup">
    <ignored/>
  </testcase> <!-- @BeforeSuite beforeSuite -->
  <testcase name="@BeforeSuite beforeSuite" time="0.0" classname="SetUpPackage.TestSetup">
    <ignored/>
  </testcase> <!-- @BeforeSuite beforeSuite -->
  <testcase name="@BeforeTest beforeTest" time="0.0" classname="SetUpPackage.TestSetup">
    <ignored/>
  </testcase> <!-- @BeforeTest beforeTest -->
  <testcase name="@BeforeTest beforeTest" time="0.0" classname="SetUpPackage.TestSetup">
    <ignored/>
  </testcase> <!-- @BeforeTest beforeTest -->
  <testcase name="@BeforeTest beforeTest" time="0.0" classname="SetUpPackage.TestSetup">
    <ignored/>
  </testcase> <!-- @BeforeTest beforeTest -->
  <testcase name="@BeforeTest beforeTest" time="0.0" classname="SetUpPackage.TestSetup">
    <ignored/>
  </testcase> <!-- @BeforeTest beforeTest -->
  <testcase name="@BeforeTest beforeTest" time="0.0" classname="SetUpPackage.TestSetup">
    <ignored/>
  </testcase> <!-- @BeforeTest beforeTest -->
</testsuite> <!-- Test -->
